<?xml version="1.0" encoding="UTF-8"?>
<!-- Generated by org.testng.reporters.JUnitReportReporter -->
<testsuite hostname="EmOn-PC" failures="0" tests="1" name="aarongAppTest.TS2_trendingSearch" time="11.528" errors="0" timestamp="2023-08-07T23:42:58 BDT" skipped="0">
  <testcase classname="aarongAppTest.TS2_trendingSearch" name="trendingSearch" time="11.528"/>
</testsuite> <!-- aarongAppTest.TS2_trendingSearch -->
