<?xml version="1.0" encoding="UTF-8"?>
<!-- Generated by org.testng.reporters.JUnitReportReporter -->
<testsuite hostname="EmOn-PC" failures="0" tests="1" name="aarongAppTest.TS1_signUp" time="19.387" errors="0" timestamp="2023-08-07T23:40:35 BDT" skipped="0">
  <testcase classname="aarongAppTest.TS1_signUp" name="signUp" time="19.387"/>
</testsuite> <!-- aarongAppTest.TS1_signUp -->
