<?xml version="1.0" encoding="UTF-8"?>
<!-- Generated by org.testng.reporters.JUnitReportReporter -->
<testsuite hostname="EmOn-PC" failures="0" tests="1" name="aarongAppTest.TS5_login" time="8.784" errors="0" timestamp="2023-08-07T23:46:20 BDT" skipped="0">
  <testcase classname="aarongAppTest.TS5_login" name="login" time="8.784"/>
</testsuite> <!-- aarongAppTest.TS5_login -->
