<?xml version="1.0" encoding="UTF-8"?>
<!-- Generated by org.testng.reporters.JUnitReportReporter -->
<testsuite hostname="EmOn-PC" failures="0" tests="1" name="aarongAppTest.TS4_findStore" time="24.882" errors="0" timestamp="2023-08-21T20:56:09 BDT" skipped="0">
  <testcase classname="aarongAppTest.TS4_findStore" name="TS4_findstore" time="24.882"/>
</testsuite> <!-- aarongAppTest.TS4_findStore -->
