<?xml version="1.0" encoding="UTF-8"?>
<!-- Generated by org.testng.reporters.JUnitReportReporter -->
<testsuite hostname="EmOn-PC" failures="0" tests="1" name="aarongAppTest.TS3_chooseBrand" time="10.912" errors="0" timestamp="2023-08-07T23:44:33 BDT" skipped="0">
  <testcase classname="aarongAppTest.TS3_chooseBrand" name="chooseBrand" time="10.912"/>
</testsuite> <!-- aarongAppTest.TS3_chooseBrand -->
