<?xml version="1.0" encoding="UTF-8"?>
<!-- Generated by org.testng.reporters.JUnitReportReporter -->
<testsuite hostname="EmOn-PC" failures="0" tests="1" name="aarongAppTest.TS4_findStore" time="20.303" errors="0" timestamp="2023-08-07T23:45:32 BDT" skipped="0">
  <testcase classname="aarongAppTest.TS4_findStore" name="TS4_findstore" time="20.303"/>
</testsuite> <!-- aarongAppTest.TS4_findStore -->
