<?xml version="1.0" encoding="UTF-8"?>
<!-- Generated by org.testng.reporters.JUnitReportReporter -->
<testsuite hostname="EmOn-PC" failures="0" tests="1" name="aarongAppTest.TS3_chooseBrand" time="8.041" errors="0" timestamp="2023-08-21T20:43:10 BDT" skipped="0">
  <testcase classname="aarongAppTest.TS3_chooseBrand" name="chooseBrand" time="8.041"/>
</testsuite> <!-- aarongAppTest.TS3_chooseBrand -->
