<?xml version="1.0" encoding="UTF-8"?>
<!-- Generated by org.testng.reporters.JUnitReportReporter -->
<testsuite hostname="EmOn-PC" failures="0" tests="1" name="aarongAppTest.TS7_changeLocation" time="11.165" errors="0" timestamp="2023-08-21T21:26:32 BDT" skipped="0">
  <testcase classname="aarongAppTest.TS7_changeLocation" name="changeLocation" time="11.165"/>
</testsuite> <!-- aarongAppTest.TS7_changeLocation -->
