<?xml version="1.0" encoding="UTF-8"?>
<!-- Generated by org.testng.reporters.JUnitReportReporter -->
<testsuite hostname="EmOn-PC" failures="0" tests="1" name="aarongAppTest.TS6_searchProduct" time="13.331" errors="0" timestamp="2023-08-07T23:47:07 BDT" skipped="0">
  <testcase classname="aarongAppTest.TS6_searchProduct" name="searchProduct" time="13.331"/>
</testsuite> <!-- aarongAppTest.TS6_searchProduct -->
